<?xml version="1.0" encoding="UTF-8"?>
<testsuite xmlns:xsi="http://www.w3.org/2001/XMLSchema-instance" xsi:noNamespaceSchemaLocation="https://maven.apache.org/surefire/maven-surefire-plugin/xsd/surefire-test-report.xsd" version="3.0.2" name="org.grupo3.technova.BackendTechnovaApplicationTests" time="4.218" tests="1" errors="0" skipped="0" failures="0">
  <properties>
[...]
</properties>
  <testcase name="contextLoads" classname="org.grupo3.technova.BackendTechnovaApplicationTests" time="0.943">
    <system-out><![CDATA[09:54:55.506 [main] INFO org.springframework.test.context.support.AnnotationConfigContextLoaderUtils -- Could not detect default configuration classes for test class [org.grupo3.technova.BackendTechnovaApplicationTests]: BackendTechnovaApplicationTests does not declare any static, non-private, non-final, nested classes annotated with @Configuration.
09:54:55.669 [main] INFO org.springframework.boot.test.context.SpringBootTestContextBootstrapper -- Found @SpringBootConfiguration org.grupo3.technova.BackendTechnovaApplication for test class org.grupo3.technova.BackendTechnovaApplicationTests

  .   ____          _            __ _ _
 /\\ / ___'_ __ _ _(_)_ __  __ _ \ \ \ \
( ( )\___ | '_ | '_| | '_ \/ _` | \ \ \ \
 \\/  ___)| |_)| | | | | || (_| |  ) ) ) )
  '  |____| .__|_| |_|_| |_\__, | / / / /
 =========|_|==============|___/=/_/_/_/

 :: Spring Boot ::                (v3.4.3)

2026-04-08T09:54:56.261+02:00  INFO 11664 --- [BackendTechnova] [           main] o.g.t.BackendTechnovaApplicationTests    : Starting BackendTechnovaApplicationTests using Java 25 with PID 11664 (started by david in C:\Users\david\Desktop\DAVID\UDIT\Proyecto Integrador\GitHub\TECHNOVA\BACKEND - Technova)
2026-04-08T09:54:56.262+02:00  INFO 11664 --- [BackendTechnova] [           main] o.g.t.BackendTechnovaApplicationTests    : No active profile set, falling back to 1 default profile: "default"
2026-04-08T09:54:57.427+02:00  INFO 11664 --- [BackendTechnova] [           main] com.zaxxer.hikari.HikariDataSource       : HikariPool-1 - Starting...
2026-04-08T09:54:57.665+02:00  INFO 11664 --- [BackendTechnova] [           main] com.zaxxer.hikari.pool.HikariPool        : HikariPool-1 - Added connection com.mysql.cj.jdbc.ConnectionImpl@51dae791
2026-04-08T09:54:57.667+02:00  INFO 11664 --- [BackendTechnova] [           main] com.zaxxer.hikari.HikariDataSource       : HikariPool-1 - Start completed.
==============================================
  Conexión a MySQL establecida correctamente  
  Base de datos: db_technova
==============================================
2026-04-08T09:54:58.597+02:00  INFO 11664 --- [BackendTechnova] [           main] o.g.t.BackendTechnovaApplicationTests    : Started BackendTechnovaApplicationTests in 2.722 seconds (process running for 3.889)
]]></system-out>
    <system-err><![CDATA[Mockito is currently self-attaching to enable the inline-mock-maker. This will no longer work in future releases of the JDK. Please add Mockito as an agent to your build what is described in Mockito's documentation: https://javadoc.io/doc/org.mockito/mockito-core/latest/org/mockito/Mockito.html#0.3
WARNING: A Java agent has been loaded dynamically (C:\Users\david\.m2\repository\net\bytebuddy\byte-buddy-agent\1.15.11\byte-buddy-agent-1.15.11.jar)
WARNING: If a serviceability tool is in use, please run with -XX:+EnableDynamicAgentLoading to hide this warning
WARNING: If a serviceability tool is not in use, please run with -Djdk.instrument.traceUsage for more information
WARNING: Dynamic loading of agents will be disallowed by default in a future release
]]></system-err>
  </testcase>
</testsuite>